2023-03-13T11:30:33+00:00 DEBUG Tt4b_Pixel_Class::inject_start_checkout: hit injectStartCheckout
2023-03-13T11:30:33+00:00 DEBUG Tt4b_Pixel_Class::inject_start_checkout: Missing option "access_token"
2023-03-13T13:19:57+00:00 DEBUG Tt4b_Pixel_Class::inject_start_checkout: hit injectStartCheckout
2023-03-13T13:19:57+00:00 DEBUG Tt4b_Pixel_Class::inject_start_checkout: Missing option "access_token"
2023-03-13T13:20:42+00:00 DEBUG POST: https://business-api.tiktok.com/open_api/v1.2/tbp/business_profile/disconnect/

{"external_business_id":false,"business_platform":"WOO_COMMERCE","is_setup_page":0,"app_id":false}
 ajax: no
2023-03-13T13:20:42+00:00 DEBUG Tt4b_Mapi_Class::mapi_post: Response: 

HTTP/1.1 200 OK
Server: nginx
Content-Type: application/json; charset=utf-8
Content-Length: 103
X-Api-Deprecation-Info: API for Business Version 1.3 is now live. To avoid disruption to your business, we recommend you migrate all calls to v1.3 as soon as possible. Please visit our migration guide for more details: https://ads.tiktok.com/marketing_api/docs?id=1740029169927169
X-Domain-Change-Info: We have moved to the new domain business-api.tiktok.com for API services after the Platform Upgrade on 09/30/2021. Please update all of your requests with the new domain if you haven't done so already. For more information, please visit https://ads.tiktok.com/marketing_api/docs?rid=esb88xalm6m&id=1709207085043713
X-Tt-Logid: 20230313132041E95982A9CF6DC202413C
x-tt-trace-host: 01c3cfc24491c4be7fa38a513032d450e7ca10def2ac3ff36b09eedfbe9ac1ec792ef9231e596400d2ae1d9ba0b5aff91d14e171df2b1bc682a41c9223e8f57cadb213df634c629252aeb469474e065568675276d5b90a6e705acbfeb867c413bdf567fc3c65cc25b781a8d289382829c0
X-Origin-Response-Time: 7,23.44.5.63
X-Akamai-Request-ID: 4c5c7b81.ccfae5
Expires: Mon, 13 Mar 2023 13:20:42 GMT
Cache-Control: max-age=0, no-cache, no-store
Pragma: no-cache
Date: Mon, 13 Mar 2023 13:20:42 GMT
X-Cache: TCP_MISS from a96-16-87-38.deploy.akamaitechnologies.com (AkamaiGHost/11.0.2-47081134) (-)
Connection: close
X-Cache-Remote: TCP_MISS from a23-44-5-63.deploy.akamaitechnologies.com (AkamaiGHost/11.0.0-46340752) (-)
x-tt-trace-tag: id=16;cdn-cache=miss;type=dyn
Server-Timing: cdn-cache; desc=MISS, edge; dur=166, origin; dur=7
Server-Timing: inner; dur=3
X-Parent-Response-Time: 172,96.16.87.38

{"code":40104,"message":"The access_token is empty.","request_id":"20230313132041E95982A9CF6DC202413C"}

2023-03-13T13:20:42+00:00 DEBUG POST: https://business-api.tiktok.com/tbp/v2.0/shop/connection/disconnect?external_data=

--- EMPTY STRING ---
 ajax: no
2023-03-13T13:20:42+00:00 DEBUG Tt4b_Mapi_Class::tts_shop_disconnect: Response: 

HTTP/1.1 200 OK
Server: nginx
Content-Type: application/json; charset=utf-8
Content-Length: 95
X-Api-Deprecation-Info: API for Business Version 1.3 is now live. To avoid disruption to your business, we recommend you migrate all calls to v1.3 as soon as possible. Please visit our migration guide for more details: https://ads.tiktok.com/marketing_api/docs?id=1740029169927169
X-Domain-Change-Info: We have moved to the new domain business-api.tiktok.com for API services after the Platform Upgrade on 09/30/2021. Please update all of your requests with the new domain if you haven't done so already. For more information, please visit https://ads.tiktok.com/marketing_api/docs?rid=esb88xalm6m&id=1709207085043713
X-Tt-Logid: 20230313132041EB26010E55167A0257C3
x-tt-trace-host: 01c3cfc24491c4be7fa38a513032d450e7dbb84f1187e672c1b1137f29b4efba258a4223bf9192c32e386a4d257be18bd6ce6fcc37f47c0f069318d61ab22bb542d43cba3a5a7bab62201056aa7c202c1c72a87867f037fa65be6448ec1c90bfea25a6be7d18304686c89a913b66acef9f
X-Origin-Response-Time: 16,104.120.139.240
X-Akamai-Request-ID: 33e3baf.ccfc99
Expires: Mon, 13 Mar 2023 13:20:42 GMT
Cache-Control: max-age=0, no-cache, no-store
Pragma: no-cache
Date: Mon, 13 Mar 2023 13:20:42 GMT
X-Cache: TCP_MISS from a96-16-87-38.deploy.akamaitechnologies.com (AkamaiGHost/11.0.2-47081134) (-)
Connection: close
X-Cache-Remote: TCP_MISS from a104-120-139-240.deploy.akamaitechnologies.com (AkamaiGHost/11.0.0-46340752) (-)
x-tt-trace-tag: id=16;cdn-cache=miss;type=dyn
Server-Timing: cdn-cache; desc=MISS, edge; dur=155, origin; dur=16
Server-Timing: inner; dur=12
X-Parent-Response-Time: 170,96.16.87.38

{"code":40001,"message":"Permission denied.","request_id":"20230313132041EB26010E55167A0257C3"}

